<?xml version="1.0" encoding="UTF-8"?>
<!-- Generated by org.testng.reporters.JUnitXMLReporter -->
<testsuite ignored="0" hostname="DESKTOP-4VT63TV" failures="0" tests="4" name="Default test" time="26.904" errors="0" timestamp="2023-05-13T16:09:33 IST">
  <testcase classname="Object_Package.MainPage" name="SearchItem" time="7.483"/>
  <testcase classname="Object_Package.MainPage" name="AddCart" time="5.202"/>
  <testcase classname="Object_Package.MainPage" name="IncreaseQuantity" time="6.58"/>
  <testcase classname="Object_Package.MainPage" name="NewAccount" time="2.088"/>
</testsuite> <!-- Default test -->
