<?xml version="1.0" encoding="UTF-8"?>
<!-- Generated by org.testng.reporters.JUnitXMLReporter -->
<testsuite ignored="0" hostname="DESKTOP-4VT63TV" failures="0" tests="4" name="Test" time="30.306" errors="0" timestamp="2023-05-13T17:03:45 IST">
  <testcase classname="Object_Package.MainPage" name="SearchItem" time="8.896"/>
  <testcase classname="Object_Package.MainPage" name="AddCart" time="6.266"/>
  <testcase classname="Object_Package.MainPage" name="IncreaseQuantity" time="6.078"/>
  <testcase classname="Object_Package.MainPage" name="NewAccount" time="2.157"/>
</testsuite> <!-- Test -->
